<?xml version="1.0" encoding="UTF-8"?>
<!-- Generated by org.testng.reporters.JUnitReportReporter -->
<testsuite skipped="0" hostname="MuniPC" name="testCases.TC_001_AccountRegistration" tests="1" failures="0" timestamp="2022-09-10T18:13:54 PDT" time="3.248" errors="0">
  <testcase name="test_account_registration" time="3.248" classname="testCases.TC_001_AccountRegistration"/>
  <system-out/>
</testsuite> <!-- testCases.TC_001_AccountRegistration -->
